<?xml version="1.0" encoding="UTF-8"?>
<!-- Generated by org.testng.reporters.JUnitReportReporter -->
<testsuite skipped="0" hostname="BDC6-DX-GTWZQG2" name="test1.SearchItem" tests="1" failures="0" timestamp="18 Jun 2019 03:28:23 GMT" time="8.679" errors="0">
  <testcase name="dragNdrop" time="8.679" classname="test1.SearchItem"/>
</testsuite> <!-- test1.SearchItem -->
