<?xml version="1.0" encoding="UTF-8"?>
<!-- Generated by org.testng.reporters.JUnitReportReporter -->
<testsuite skipped="0" hostname="BDC6-DX-GTWZQG2" name="test1.TextMatching" tests="1" failures="0" timestamp="18 Jun 2019 04:50:41 GMT" time="10.421" errors="0">
  <testcase name="testMAtch" time="10.421" classname="test1.TextMatching"/>
</testsuite> <!-- test1.TextMatching -->
