<?xml version="1.0" encoding="UTF-8"?>
<!-- Generated by org.testng.reporters.JUnitReportReporter -->
<testsuite skipped="0" hostname="BDC6-DX-GTWZQG2" name="test1.dragAndDrop" tests="1" failures="0" timestamp="18 Jun 2019 03:25:48 GMT" time="8.282" errors="0">
  <testcase name="dragNdrop" time="8.282" classname="test1.dragAndDrop"/>
</testsuite> <!-- test1.dragAndDrop -->
