<?xml version="1.0" encoding="UTF-8"?>
<!-- Generated by org.testng.reporters.JUnitReportReporter -->
<testsuite skipped="0" hostname="BDC6-DX-GTWZQG2" name="test1.GoogleLangLink" tests="1" failures="0" timestamp="17 Jun 2019 07:40:32 GMT" time="10.290" errors="0">
  <testcase name="testGoogleLinks" time="10.290" classname="test1.GoogleLangLink"/>
</testsuite> <!-- test1.GoogleLangLink -->
