<?xml version="1.0" encoding="UTF-8"?>
<!-- Generated by org.testng.reporters.JUnitReportReporter -->
<testsuite skipped="0" hostname="BDC6-DX-GTWZQG2" name="test1.dropDown" tests="1" failures="0" timestamp="17 Jun 2019 10:18:49 GMT" time="29.774" errors="0">
  <testcase name="selectCreditCard" time="29.774" classname="test1.dropDown"/>
</testsuite> <!-- test1.dropDown -->
