<?xml version="1.0" encoding="UTF-8"?>
<!-- Generated by org.testng.reporters.JUnitReportReporter -->
<testsuite skipped="0" hostname="BDC6-DX-GTWZQG2" name="test1.AlertClass" tests="1" failures="0" timestamp="18 Jun 2019 07:05:04 GMT" time="10.999" errors="0">
  <testcase name="alertTest" time="10.999" classname="test1.AlertClass"/>
</testsuite> <!-- test1.AlertClass -->
