<?xml version="1.0" encoding="UTF-8"?>
<!-- Generated by org.testng.reporters.JUnitReportReporter -->
<testsuite skipped="0" hostname="BDC6-DX-GTWZQG2" name="test1.DataDriven" tests="1" failures="0" timestamp="18 Jun 2019 07:06:04 GMT" time="1.529" errors="0">
  <testcase name="testDataDriven" time="1.529" classname="test1.DataDriven"/>
</testsuite> <!-- test1.DataDriven -->
