<?xml version="1.0" encoding="UTF-8"?>
<!-- Generated by org.testng.reporters.JUnitReportReporter -->
<testsuite skipped="0" hostname="BDC6-DX-GTWZQG2" name="test1.DataDriverXcel" tests="1" failures="0" timestamp="18 Jun 2019 08:17:03 GMT" time="1.738" errors="0">
  <testcase name="test1" time="1.738" classname="test1.DataDriverXcel"/>
</testsuite> <!-- test1.DataDriverXcel -->
