<?xml version="1.0" encoding="UTF-8"?>
<!-- Generated by org.testng.reporters.JUnitReportReporter -->
<testsuite skipped="0" hostname="BDC6-DX-GTWZQG2" name="test1.register" tests="1" failures="0" timestamp="14 Jun 2019 07:22:39 GMT" time="15.392" errors="0">
  <testcase name="registerPage" time="15.392" classname="test1.register"/>
</testsuite> <!-- test1.register -->
