<?xml version="1.0" encoding="UTF-8"?>
<!-- Generated by org.testng.reporters.JUnitReportReporter -->
<testsuite skipped="0" hostname="BDC6-DX-GTWZQG2" name="test1.seleniumBasic" tests="1" failures="0" timestamp="14 Jun 2019 06:29:45 GMT" time="12.815" errors="0">
  <testcase name="seleniumBasic" time="12.815" classname="test1.seleniumBasic"/>
</testsuite> <!-- test1.seleniumBasic -->
